# JRE version: OpenJDK Runtime Environment Microsoft-7208460 (11.0.18+10) (build 11.0.18+10-LTS)
# Java VM: OpenJDK 64-Bit Server VM Microsoft-7208460 (11.0.18+10-LTS, mixed mode, tiered, compressed oops, g1 gc, windows-amd64)
Heap:
 garbage-first heap   total 129024K, used 52888K [0x0000000080000000, 0x0000000100000000)
  region size 1024K, 32 young (32768K), 7 survivors (7168K)
 Metaspace       used 41523K, capacity 42619K, committed 42832K, reserved 555008K
  class space    used 5210K, capacity 5625K, committed 5632K, reserved 516096K
GC Heap History (14 events):
Event: 7.730 GC heap before
{Heap before GC invocations=0 (full 0):
 garbage-first heap   total 129024K, used 27648K [0x0000000080000000, 0x0000000100000000)
  region size 1024K, 24 young (24576K), 0 survivors (0K)
 Metaspace       used 10100K, capacity 10330K, committed 10624K, reserved 526336K
  class space    used 1029K, capacity 1107K, committed 1152K, reserved 516096K
}
Event: 7.972 GC heap after
{Heap after GC invocations=1 (full 0):
 garbage-first heap   total 129024K, used 10575K [0x0000000080000000, 0x0000000100000000)
  region size 1024K, 3 young (3072K), 3 survivors (3072K)
 Metaspace       used 10100K, capacity 10330K, committed 10624K, reserved 526336K
  class space    used 1029K, capacity 1107K, committed 1152K, reserved 516096K
}
Event: 41.740 GC heap before
{Heap before GC invocations=1 (full 0):
 garbage-first heap   total 129024K, used 84303K [0x0000000080000000, 0x0000000100000000)
  region size 1024K, 75 young (76800K), 3 survivors (3072K)
 Metaspace       used 18499K, capacity 18884K, committed 18944K, reserved 534528K
  class space    used 2133K, capacity 2278K, committed 2304K, reserved 516096K
}
Event: 42.057 GC heap after
{Heap after GC invocations=2 (full 0):
 garbage-first heap   total 129024K, used 17926K [0x0000000080000000, 0x0000000100000000)
  region size 1024K, 10 young (10240K), 10 survivors (10240K)
 Metaspace       used 18499K, capacity 18884K, committed 18944K, reserved 534528K
  class space    used 2133K, capacity 2278K, committed 2304K, reserved 516096K
}
Event: 43.565 GC heap before
{Heap before GC invocations=2 (full 0):
 garbage-first heap   total 129024K, used 35334K [0x0000000080000000, 0x0000000100000000)
  region size 1024K, 28 young (28672K), 10 survivors (10240K)
 Metaspace       used 20768K, capacity 21160K, committed 21296K, reserved 536576K
  class space    used 2476K, capacity 2620K, committed 2688K, reserved 516096K
}
Event: 43.639 GC heap after
{Heap after GC invocations=3 (full 0):
 garbage-first heap   total 129024K, used 18657K [0x0000000080000000, 0x0000000100000000)
  region size 1024K, 1 young (1024K), 1 survivors (1024K)
 Metaspace       used 20768K, capacity 21160K, committed 21296K, reserved 536576K
  class space    used 2476K, capacity 2620K, committed 2688K, reserved 516096K
}
Event: 47.462 GC heap before
{Heap before GC invocations=4 (full 0):
 garbage-first heap   total 129024K, used 63713K [0x0000000080000000, 0x0000000100000000)
  region size 1024K, 45 young (46080K), 1 survivors (1024K)
 Metaspace       used 24752K, capacity 25296K, committed 25520K, reserved 538624K
  class space    used 3117K, capacity 3319K, committed 3328K, reserved 516096K
}
Event: 47.467 GC heap after
{Heap after GC invocations=5 (full 0):
 garbage-first heap   total 129024K, used 20204K [0x0000000080000000, 0x0000000100000000)
  region size 1024K, 3 young (3072K), 3 survivors (3072K)
 Metaspace       used 24752K, capacity 25296K, committed 25520K, reserved 538624K
  class space    used 3117K, capacity 3319K, committed 3328K, reserved 516096K
}
Event: 52.699 GC heap before
{Heap before GC invocations=5 (full 0):
 garbage-first heap   total 129024K, used 70380K [0x0000000080000000, 0x0000000100000000)
  region size 1024K, 52 young (53248K), 3 survivors (3072K)
 Metaspace       used 29624K, capacity 30339K, committed 30512K, reserved 542720K
  class space    used 3869K, capacity 4177K, committed 4224K, reserved 516096K
}
Event: 52.705 GC heap after
{Heap after GC invocations=6 (full 0):
 garbage-first heap   total 129024K, used 21839K [0x0000000080000000, 0x0000000100000000)
  region size 1024K, 4 young (4096K), 4 survivors (4096K)
 Metaspace       used 29624K, capacity 30339K, committed 30512K, reserved 542720K
  class space    used 3869K, capacity 4177K, committed 4224K, reserved 516096K
}
Event: 55.410 GC heap before
{Heap before GC invocations=6 (full 0):
 garbage-first heap   total 129024K, used 53583K [0x0000000080000000, 0x0000000100000000)
  region size 1024K, 36 young (36864K), 4 survivors (4096K)
 Metaspace       used 34945K, capacity 35821K, committed 35920K, reserved 548864K
  class space    used 4456K, capacity 4813K, committed 4864K, reserved 516096K
}
Event: 55.451 GC heap after
{Heap after GC invocations=7 (full 0):
 garbage-first heap   total 129024K, used 24196K [0x0000000080000000, 0x0000000100000000)
  region size 1024K, 7 young (7168K), 7 survivors (7168K)
 Metaspace       used 34945K, capacity 35821K, committed 35920K, reserved 548864K
  class space    used 4456K, capacity 4813K, committed 4864K, reserved 516096K
}
Event: 70.395 GC heap before
{Heap before GC invocations=8 (full 0):
 garbage-first heap   total 129024K, used 76420K [0x0000000080000000, 0x0000000100000000)
  region size 1024K, 56 young (57344K), 7 survivors (7168K)
 Metaspace       used 40763K, capacity 41817K, committed 42064K, reserved 552960K
  class space    used 5104K, capacity 5527K, committed 5632K, reserved 516096K
}
Event: 70.485 GC heap after
{Heap after GC invocations=9 (full 0):
 garbage-first heap   total 129024K, used 28312K [0x0000000080000000, 0x0000000100000000)
  region size 1024K, 7 young (7168K), 7 survivors (7168K)
 Metaspace       used 40763K, capacity 41817K, committed 42064K, reserved 552960K
  class space    used 5104K, capacity 5527K, committed 5632K, reserved 516096K
}

