# JRE version: OpenJDK Runtime Environment Microsoft-7208460 (11.0.18+10) (build 11.0.18+10-LTS)
# Java VM: OpenJDK 64-Bit Server VM Microsoft-7208460 (11.0.18+10-LTS, mixed mode, tiered, compressed oops, g1 gc, windows-amd64)
Heap:
 garbage-first heap   total 129024K, used 45594K [0x0000000080000000, 0x0000000100000000)
  region size 1024K, 25 young (25600K), 8 survivors (8192K)
 Metaspace       used 41512K, capacity 42623K, committed 42908K, reserved 555008K
  class space    used 5209K, capacity 5625K, committed 5708K, reserved 516096K
GC Heap History (14 events):
Event: 9.217 GC heap before
{Heap before GC invocations=0 (full 0):
 garbage-first heap   total 129024K, used 27648K [0x0000000080000000, 0x0000000100000000)
  region size 1024K, 24 young (24576K), 0 survivors (0K)
 Metaspace       used 10125K, capacity 10334K, committed 10624K, reserved 526336K
  class space    used 1032K, capacity 1107K, committed 1152K, reserved 516096K
}
Event: 9.427 GC heap after
{Heap after GC invocations=1 (full 0):
 garbage-first heap   total 129024K, used 10576K [0x0000000080000000, 0x0000000100000000)
  region size 1024K, 3 young (3072K), 3 survivors (3072K)
 Metaspace       used 10125K, capacity 10334K, committed 10624K, reserved 526336K
  class space    used 1032K, capacity 1107K, committed 1152K, reserved 516096K
}
Event: 43.261 GC heap before
{Heap before GC invocations=1 (full 0):
 garbage-first heap   total 129024K, used 84304K [0x0000000080000000, 0x0000000100000000)
  region size 1024K, 75 young (76800K), 3 survivors (3072K)
 Metaspace       used 18527K, capacity 18889K, committed 18944K, reserved 534528K
  class space    used 2138K, capacity 2278K, committed 2304K, reserved 516096K
}
Event: 43.672 GC heap after
{Heap after GC invocations=2 (full 0):
 garbage-first heap   total 129024K, used 17888K [0x0000000080000000, 0x0000000100000000)
  region size 1024K, 10 young (10240K), 10 survivors (10240K)
 Metaspace       used 18527K, capacity 18889K, committed 18944K, reserved 534528K
  class space    used 2138K, capacity 2278K, committed 2304K, reserved 516096K
}
Event: 45.006 GC heap before
{Heap before GC invocations=2 (full 0):
 garbage-first heap   total 129024K, used 35296K [0x0000000080000000, 0x0000000100000000)
  region size 1024K, 28 young (28672K), 10 survivors (10240K)
 Metaspace       used 20757K, capacity 21165K, committed 21296K, reserved 536576K
  class space    used 2474K, capacity 2620K, committed 2688K, reserved 516096K
}
Event: 45.082 GC heap after
{Heap after GC invocations=3 (full 0):
 garbage-first heap   total 129024K, used 19260K [0x0000000080000000, 0x0000000100000000)
  region size 1024K, 1 young (1024K), 1 survivors (1024K)
 Metaspace       used 20757K, capacity 21165K, committed 21296K, reserved 536576K
  class space    used 2474K, capacity 2620K, committed 2688K, reserved 516096K
}
Event: 48.709 GC heap before
{Heap before GC invocations=4 (full 0):
 garbage-first heap   total 129024K, used 64316K [0x0000000080000000, 0x0000000100000000)
  region size 1024K, 46 young (47104K), 1 survivors (1024K)
 Metaspace       used 24899K, capacity 25466K, committed 25648K, reserved 538624K
  class space    used 3142K, capacity 3353K, committed 3456K, reserved 516096K
}
Event: 48.714 GC heap after
{Heap after GC invocations=5 (full 0):
 garbage-first heap   total 129024K, used 20712K [0x0000000080000000, 0x0000000100000000)
  region size 1024K, 3 young (3072K), 3 survivors (3072K)
 Metaspace       used 24899K, capacity 25466K, committed 25648K, reserved 538624K
  class space    used 3142K, capacity 3353K, committed 3456K, reserved 516096K
}
Event: 54.725 GC heap before
{Heap before GC invocations=5 (full 0):
 garbage-first heap   total 129024K, used 71912K [0x0000000080000000, 0x0000000100000000)
  region size 1024K, 53 young (54272K), 3 survivors (3072K)
 Metaspace       used 30064K, capacity 30746K, committed 30896K, reserved 542720K
  class space    used 3936K, capacity 4247K, committed 4352K, reserved 516096K
}
Event: 54.737 GC heap after
{Heap after GC invocations=6 (full 0):
 garbage-first heap   total 129024K, used 22553K [0x0000000080000000, 0x0000000100000000)
  region size 1024K, 5 young (5120K), 5 survivors (5120K)
 Metaspace       used 30064K, capacity 30746K, committed 30896K, reserved 542720K
  class space    used 3936K, capacity 4247K, committed 4352K, reserved 516096K
}
Event: 56.917 GC heap before
{Heap before GC invocations=6 (full 0):
 garbage-first heap   total 129024K, used 49177K [0x0000000080000000, 0x0000000100000000)
  region size 1024K, 32 young (32768K), 5 survivors (5120K)
 Metaspace       used 35009K, capacity 35825K, committed 35920K, reserved 548864K
  class space    used 4474K, capacity 4813K, committed 4864K, reserved 516096K
}
Event: 56.941 GC heap after
{Heap after GC invocations=7 (full 0):
 garbage-first heap   total 129024K, used 24627K [0x0000000080000000, 0x0000000100000000)
  region size 1024K, 7 young (7168K), 7 survivors (7168K)
 Metaspace       used 35009K, capacity 35825K, committed 35920K, reserved 548864K
  class space    used 4474K, capacity 4813K, committed 4864K, reserved 516096K
}
Event: 81.273 GC heap before
{Heap before GC invocations=8 (full 0):
 garbage-first heap   total 129024K, used 85043K [0x0000000080000000, 0x0000000100000000)
  region size 1024K, 63 young (64512K), 7 survivors (7168K)
 Metaspace       used 40948K, capacity 42029K, committed 42268K, reserved 552960K
  class space    used 5129K, capacity 5530K, committed 5580K, reserved 516096K
}
Event: 81.633 GC heap after
{Heap after GC invocations=9 (full 0):
 garbage-first heap   total 129024K, used 29210K [0x0000000080000000, 0x0000000100000000)
  region size 1024K, 8 young (8192K), 8 survivors (8192K)
 Metaspace       used 40948K, capacity 42029K, committed 42268K, reserved 552960K
  class space    used 5129K, capacity 5530K, committed 5580K, reserved 516096K
}

