# JRE version: OpenJDK Runtime Environment Microsoft-7208460 (11.0.18+10) (build 11.0.18+10-LTS)
# Java VM: OpenJDK 64-Bit Server VM Microsoft-7208460 (11.0.18+10-LTS, mixed mode, tiered, compressed oops, g1 gc, windows-amd64)
Heap:
 garbage-first heap   total 129024K, used 41645K [0x0000000080000000, 0x0000000100000000)
  region size 1024K, 22 young (22528K), 8 survivors (8192K)
 Metaspace       used 41463K, capacity 42618K, committed 42832K, reserved 555008K
  class space    used 5208K, capacity 5625K, committed 5632K, reserved 516096K
GC Heap History (14 events):
Event: 4.160 GC heap before
{Heap before GC invocations=0 (full 0):
 garbage-first heap   total 129024K, used 27648K [0x0000000080000000, 0x0000000100000000)
  region size 1024K, 24 young (24576K), 0 survivors (0K)
 Metaspace       used 10099K, capacity 10266K, committed 10368K, reserved 526336K
  class space    used 1029K, capacity 1107K, committed 1152K, reserved 516096K
}
Event: 4.411 GC heap after
{Heap after GC invocations=1 (full 0):
 garbage-first heap   total 129024K, used 10571K [0x0000000080000000, 0x0000000100000000)
  region size 1024K, 3 young (3072K), 3 survivors (3072K)
 Metaspace       used 10099K, capacity 10266K, committed 10368K, reserved 526336K
  class space    used 1029K, capacity 1107K, committed 1152K, reserved 516096K
}
Event: 16.174 GC heap before
{Heap before GC invocations=1 (full 0):
 garbage-first heap   total 129024K, used 84299K [0x0000000080000000, 0x0000000100000000)
  region size 1024K, 75 young (76800K), 3 survivors (3072K)
 Metaspace       used 18444K, capacity 18820K, committed 18944K, reserved 534528K
  class space    used 2133K, capacity 2278K, committed 2304K, reserved 516096K
}
Event: 16.280 GC heap after
{Heap after GC invocations=2 (full 0):
 garbage-first heap   total 129024K, used 17727K [0x0000000080000000, 0x0000000100000000)
  region size 1024K, 10 young (10240K), 10 survivors (10240K)
 Metaspace       used 18444K, capacity 18820K, committed 18944K, reserved 534528K
  class space    used 2133K, capacity 2278K, committed 2304K, reserved 516096K
}
Event: 20.155 GC heap before
{Heap before GC invocations=2 (full 0):
 garbage-first heap   total 129024K, used 36159K [0x0000000080000000, 0x0000000100000000)
  region size 1024K, 29 young (29696K), 10 survivors (10240K)
 Metaspace       used 20790K, capacity 21192K, committed 21296K, reserved 536576K
  class space    used 2483K, capacity 2652K, committed 2688K, reserved 516096K
}
Event: 20.170 GC heap after
{Heap after GC invocations=3 (full 0):
 garbage-first heap   total 129024K, used 18401K [0x0000000080000000, 0x0000000100000000)
  region size 1024K, 1 young (1024K), 1 survivors (1024K)
 Metaspace       used 20790K, capacity 21192K, committed 21296K, reserved 536576K
  class space    used 2483K, capacity 2652K, committed 2688K, reserved 516096K
}
Event: 30.917 GC heap before
{Heap before GC invocations=4 (full 0):
 garbage-first heap   total 129024K, used 64481K [0x0000000080000000, 0x0000000100000000)
  region size 1024K, 47 young (48128K), 1 survivors (1024K)
 Metaspace       used 24882K, capacity 25456K, committed 25648K, reserved 538624K
  class space    used 3141K, capacity 3351K, committed 3456K, reserved 516096K
}
Event: 30.921 GC heap after
{Heap after GC invocations=5 (full 0):
 garbage-first heap   total 129024K, used 19733K [0x0000000080000000, 0x0000000100000000)
  region size 1024K, 3 young (3072K), 3 survivors (3072K)
 Metaspace       used 24882K, capacity 25456K, committed 25648K, reserved 538624K
  class space    used 3141K, capacity 3351K, committed 3456K, reserved 516096K
}
Event: 44.553 GC heap before
{Heap before GC invocations=5 (full 0):
 garbage-first heap   total 129024K, used 70933K [0x0000000080000000, 0x0000000100000000)
  region size 1024K, 54 young (55296K), 3 survivors (3072K)
 Metaspace       used 30054K, capacity 30811K, committed 31152K, reserved 544768K
  class space    used 3929K, capacity 4247K, committed 4352K, reserved 516096K
}
Event: 44.560 GC heap after
{Heap after GC invocations=6 (full 0):
 garbage-first heap   total 129024K, used 21667K [0x0000000080000000, 0x0000000100000000)
  region size 1024K, 5 young (5120K), 5 survivors (5120K)
 Metaspace       used 30054K, capacity 30811K, committed 31152K, reserved 544768K
  class space    used 3929K, capacity 4247K, committed 4352K, reserved 516096K
}
Event: 56.547 GC heap before
{Heap before GC invocations=6 (full 0):
 garbage-first heap   total 129024K, used 49315K [0x0000000080000000, 0x0000000100000000)
  region size 1024K, 33 young (33792K), 5 survivors (5120K)
 Metaspace       used 34953K, capacity 35827K, committed 35920K, reserved 548864K
  class space    used 4455K, capacity 4813K, committed 4864K, reserved 516096K
}
Event: 56.570 GC heap after
{Heap after GC invocations=7 (full 0):
 garbage-first heap   total 129024K, used 23690K [0x0000000080000000, 0x0000000100000000)
  region size 1024K, 7 young (7168K), 7 survivors (7168K)
 Metaspace       used 34953K, capacity 35827K, committed 35920K, reserved 548864K
  class space    used 4455K, capacity 4813K, committed 4864K, reserved 516096K
}
Event: 70.688 GC heap before
{Heap before GC invocations=8 (full 0):
 garbage-first heap   total 129024K, used 85130K [0x0000000080000000, 0x0000000100000000)
  region size 1024K, 64 young (65536K), 7 survivors (7168K)
 Metaspace       used 40912K, capacity 41959K, committed 42064K, reserved 552960K
  class space    used 5129K, capacity 5530K, committed 5632K, reserved 516096K
}
Event: 70.787 GC heap after
{Heap after GC invocations=9 (full 0):
 garbage-first heap   total 129024K, used 28333K [0x0000000080000000, 0x0000000100000000)
  region size 1024K, 8 young (8192K), 8 survivors (8192K)
 Metaspace       used 40912K, capacity 41959K, committed 42064K, reserved 552960K
  class space    used 5129K, capacity 5530K, committed 5632K, reserved 516096K
}

